Using pre-set license
Built from '2020.2/release' branch; Version is '2020.2.2f1 (068178b99f32) revision 426360'; Using compiler version '192528614'; Build Type 'Release'
OS: 'Windows 10 Home; OS build 19042.804; Version 2009; 64bit' Language: 'ko' Physical Memory: 16304 MB
BatchMode: 1, IsHumanControllingUs: 0, StartBugReporterOnCrash: 0, Is64bit: 1, IsPro: 0

 COMMAND LINE ARGUMENTS:
C:\Program Files\Unity\Hub\Editor\2020.2.2f1\Editor\Unity.exe
-adb2
-batchMode
-noUpm
-name
AssetImportWorker0
-projectPath
C:/Users/wns83/Documents/GitHub/WhatEverYouWant/WEUW
-logFile
Logs/AssetImportWorker0.log
-srvPort
6582
Successfully changed project path to: C:/Users/wns83/Documents/GitHub/WhatEverYouWant/WEUW
C:/Users/wns83/Documents/GitHub/WhatEverYouWant/WEUW
Using Asset Import Pipeline V2.
Refreshing native plugins compatible for Editor in 65.91 ms, found 1 plugins.
Preloading 0 native plugins for Editor in 0.00 ms.
Initialize engine version: 2020.2.2f1 (068178b99f32)
[Subsystems] Discovering subsystems at path C:/Program Files/Unity/Hub/Editor/2020.2.2f1/Editor/Data/Resources/UnitySubsystems
[Subsystems] Discovering subsystems at path C:/Users/wns83/Documents/GitHub/WhatEverYouWant/WEUW/Assets
GfxDevice: creating device client; threaded=0
Direct3D:
    Version:  Direct3D 11.0 [level 11.1]
    Renderer: NVIDIA GeForce GTX 1660 Ti (ID=0x2191)
    Vendor:   
    VRAM:     5991 MB
    Driver:   27.21.14.6089
Initialize mono
Mono path[0] = 'C:/Program Files/Unity/Hub/Editor/2020.2.2f1/Editor/Data/Managed'
Mono path[1] = 'C:/Program Files/Unity/Hub/Editor/2020.2.2f1/Editor/Data/MonoBleedingEdge/lib/mono/unityjit'
Mono config path = 'C:/Program Files/Unity/Hub/Editor/2020.2.2f1/Editor/Data/MonoBleedingEdge/etc'
Using monoOptions --debugger-agent=transport=dt_socket,embedding=1,server=y,suspend=n,address=127.0.0.1:56604
Begin MonoManager ReloadAssembly
Registering precompiled unity dll's ...
Register platform support module: C:/Program Files/Unity/Hub/Editor/2020.2.2f1/Editor/Data/PlaybackEngines/WindowsStandaloneSupport/UnityEditor.WindowsStandalone.Extensions.dll
Registered in 0.002632 seconds.
Native extension for WindowsStandalone target not found
Refreshing native plugins compatible for Editor in 62.48 ms, found 1 plugins.
Preloading 0 native plugins for Editor in 0.00 ms.
Invoked RoslynAnalysisRunner static constructor.
RoslynAnalysisRunner will not be running.
RoslynAnalysisRunner has terminated.
Mono: successfully reloaded assembly
- Completed reload, in  2.164 seconds
Platform modules already initialized, skipping
Registering precompiled user dll's ...
Registered in 0.010195 seconds.
Begin MonoManager ReloadAssembly
Native extension for WindowsStandalone target not found
Refreshing native plugins compatible for Editor in 54.95 ms, found 1 plugins.
Preloading 0 native plugins for Editor in 0.00 ms.
Invoked RoslynAnalysisRunner static constructor.
RoslynAnalysisRunner will not be running.
RoslynAnalysisRunner has terminated.
Mono: successfully reloaded assembly
- Completed reload, in  1.658 seconds
Platform modules already initialized, skipping
========================================================================
Worker process is ready to serve import requests
Launched and connected shader compiler UnityShaderCompiler.exe after 0.04 seconds
Refreshing native plugins compatible for Editor in 0.59 ms, found 1 plugins.
Preloading 0 native plugins for Editor in 0.00 ms.
Unloading 2209 Unused Serialized files (Serialized files now loaded: 0)
System memory in use before: 111.2 MB.
System memory in use after: 111.3 MB.

Unloading 45 unused Assets to reduce memory usage. Loaded Objects now: 2702.
Total: 21.600600 ms (FindLiveObjects: 0.432900 ms CreateObjectMapping: 0.227200 ms MarkObjects: 20.812800 ms  DeleteObjects: 0.125900 ms)

========================================================================
Received Import Request.
  path: Assets/Photon/PhotonUnityNetworking/Resources/PhotonServerSettings.asset
  artifactKey: Guid(4ad1a560b47bf8844aaa1b77ea8ae08e) Importer(815301076,1909f56bfc062723c751e8b465ee728b)
Start importing Assets/Photon/PhotonUnityNetworking/Resources/PhotonServerSettings.asset using Guid(4ad1a560b47bf8844aaa1b77ea8ae08e) Importer(815301076,1909f56bfc062723c751e8b465ee728b)  -> (artifact id: '4b48a583d6a496015b880af18c528448') in 0.036280 seconds
  Import took 0.040043 seconds .

========================================================================
Received Import Request.
  Time since last request: 78.025036 seconds.
  path: Assets/Scenes/SampleScene.unity
  artifactKey: Guid(2cda990e2423bbf4892e6590ba056729) Importer(815301076,1909f56bfc062723c751e8b465ee728b)
Start importing Assets/Scenes/SampleScene.unity using Guid(2cda990e2423bbf4892e6590ba056729) Importer(815301076,1909f56bfc062723c751e8b465ee728b)  -> (artifact id: '12d8f4e1032a29486a10a232d3a55f10') in 0.020917 seconds
  Import took 0.030448 seconds .

========================================================================
Received Import Request.
  Time since last request: 15.157045 seconds.
  path: Assets/Scenes/InGame.unity
  artifactKey: Guid(2cda990e2423bbf4892e6590ba056729) Importer(815301076,1909f56bfc062723c751e8b465ee728b)
Start importing Assets/Scenes/InGame.unity using Guid(2cda990e2423bbf4892e6590ba056729) Importer(815301076,1909f56bfc062723c751e8b465ee728b)  -> (artifact id: '9ff2d1328ec12abde08ef934bdc775fe') in 0.020727 seconds
  Import took 0.030554 seconds .

========================================================================
Received Import Request.
  Time since last request: 375.259738 seconds.
  path: Assets/Scripts/Server
  artifactKey: Guid(80ae0fe4c9c9a79498abf40a6a09db6a) Importer(815301076,1909f56bfc062723c751e8b465ee728b)
Start importing Assets/Scripts/Server using Guid(80ae0fe4c9c9a79498abf40a6a09db6a) Importer(815301076,1909f56bfc062723c751e8b465ee728b)  -> (artifact id: '489c70c4c333b44cfe8425b3b3f06523') in 0.008594 seconds
  Import took 0.013413 seconds .

========================================================================
Received Import Request.
  Time since last request: 14.247219 seconds.
  path: Assets/Scenes/Lobby.unity
  artifactKey: Guid(cd8db3cb701d9644f96ab16bad96c2ab) Importer(815301076,1909f56bfc062723c751e8b465ee728b)
Start importing Assets/Scenes/Lobby.unity using Guid(cd8db3cb701d9644f96ab16bad96c2ab) Importer(815301076,1909f56bfc062723c751e8b465ee728b)  -> (artifact id: '561f8c2b259ad56b6fe6b5cd0716a73c') in 0.009351 seconds
  Import took 0.013922 seconds .

========================================================================
Received Prepare
Registering precompiled user dll's ...
Registered in 0.009168 seconds.
Begin MonoManager ReloadAssembly
Native extension for WindowsStandalone target not found
Refreshing native plugins compatible for Editor in 0.58 ms, found 1 plugins.
Preloading 0 native plugins for Editor in 0.00 ms.
Invoked RoslynAnalysisRunner static constructor.
RoslynAnalysisRunner will not be running.
RoslynAnalysisRunner has terminated.
Mono: successfully reloaded assembly
- Completed reload, in  1.496 seconds
Platform modules already initialized, skipping
Refreshing native plugins compatible for Editor in 1.08 ms, found 1 plugins.
Preloading 0 native plugins for Editor in 0.00 ms.
Unloading 2201 Unused Serialized files (Serialized files now loaded: 0)
System memory in use before: 129.5 MB.
System memory in use after: 129.6 MB.

Unloading 33 unused Assets to reduce memory usage. Loaded Objects now: 2706.
Total: 43.523100 ms (FindLiveObjects: 0.734300 ms CreateObjectMapping: 0.268500 ms MarkObjects: 42.326800 ms  DeleteObjects: 0.189700 ms)

========================================================================
Received Import Request.
  Time since last request: 127.290347 seconds.
  path: Assets/Scripts/Server/LobbyManager.cs
  artifactKey: Guid(c2bfdbcfa1b1a46c7a0f871c63c4f97f) Importer(815301076,1909f56bfc062723c751e8b465ee728b)
Start importing Assets/Scripts/Server/LobbyManager.cs using Guid(c2bfdbcfa1b1a46c7a0f871c63c4f97f) Importer(815301076,1909f56bfc062723c751e8b465ee728b)  -> (artifact id: 'bde7d2fdecb4f4098f1230dae50ae675') in 0.029067 seconds
  Import took 0.039409 seconds .

========================================================================
Received Import Request.
  Time since last request: 10.438894 seconds.
  path: Assets/Scenes/Lobby 1.unity
  artifactKey: Guid(729401aa4ee934949a32c67322aa8cc8) Importer(815301076,1909f56bfc062723c751e8b465ee728b)
Start importing Assets/Scenes/Lobby 1.unity using Guid(729401aa4ee934949a32c67322aa8cc8) Importer(815301076,1909f56bfc062723c751e8b465ee728b)  -> (artifact id: '4d64d754219238e6daa86e99b2c728de') in 0.026082 seconds
  Import took 0.031094 seconds .

========================================================================
Received Import Request.
  Time since last request: 27.345634 seconds.
  path: Assets/Photon/PhotonUnityNetworking/Demos/Shared Assets/Skin/eurof35.ttf
  artifactKey: Guid(954746d370bc8934299c8c8267543f4f) Importer(815301076,1909f56bfc062723c751e8b465ee728b)
Start importing Assets/Photon/PhotonUnityNetworking/Demos/Shared Assets/Skin/eurof35.ttf using Guid(954746d370bc8934299c8c8267543f4f) Importer(815301076,1909f56bfc062723c751e8b465ee728b)  -> (artifact id: '891e36cd9c2d74c77d364766795f257e') in 0.111299 seconds
  Import took 0.116130 seconds .

========================================================================
Received Import Request.
  Time since last request: 0.000298 seconds.
  path: Assets/Photon/PhotonUnityNetworking/Demos/Shared Assets/Skin/Orbitron Black.ttf
  artifactKey: Guid(495c9e2a934bcc640a8d7427b13cb680) Importer(815301076,1909f56bfc062723c751e8b465ee728b)
Start importing Assets/Photon/PhotonUnityNetworking/Demos/Shared Assets/Skin/Orbitron Black.ttf using Guid(495c9e2a934bcc640a8d7427b13cb680) Importer(815301076,1909f56bfc062723c751e8b465ee728b)  -> (artifact id: '78ba1ba446d12187442f8a875e4a1fce') in 0.019541 seconds
  Import took 0.024108 seconds .

========================================================================
Received Import Request.
  Time since last request: 0.000214 seconds.
  path: Assets/Photon/PhotonUnityNetworking/Demos/Shared Assets/Skin/eurof35.ttf
  artifactKey: Guid(954746d370bc8934299c8c8267543f4f) Importer(815301076,1909f56bfc062723c751e8b465ee728b)
Start importing Assets/Photon/PhotonUnityNetworking/Demos/Shared Assets/Skin/eurof35.ttf using Guid(954746d370bc8934299c8c8267543f4f) Importer(815301076,1909f56bfc062723c751e8b465ee728b)  -> (artifact id: '891e36cd9c2d74c77d364766795f257e') in 0.014769 seconds
  Import took 0.018631 seconds .

========================================================================
Received Import Request.
  Time since last request: 0.000233 seconds.
  path: Assets/Photon/PhotonRealtime/Demos/DemoLoadBalancing/Jura-Medium-LB.ttf
  artifactKey: Guid(4a4df204c321f9c40b0dbfb1baaffb4c) Importer(815301076,1909f56bfc062723c751e8b465ee728b)
Start importing Assets/Photon/PhotonRealtime/Demos/DemoLoadBalancing/Jura-Medium-LB.ttf using Guid(4a4df204c321f9c40b0dbfb1baaffb4c) Importer(815301076,1909f56bfc062723c751e8b465ee728b)  -> (artifact id: '69f260077bb53b0cc80cadbe9ac38947') in 0.019127 seconds
  Import took 0.023656 seconds .

========================================================================
Received Import Request.
  Time since last request: 0.000358 seconds.
  path: Assets/Photon/PhotonUnityNetworking/Demos/Shared Assets/Skin/Jura-Medium.ttf
  artifactKey: Guid(e00995507c2406448b4c8429136104dd) Importer(815301076,1909f56bfc062723c751e8b465ee728b)
Start importing Assets/Photon/PhotonUnityNetworking/Demos/Shared Assets/Skin/Jura-Medium.ttf using Guid(e00995507c2406448b4c8429136104dd) Importer(815301076,1909f56bfc062723c751e8b465ee728b)  -> (artifact id: '1bcceee383c982448cf740131d88f5ff') in 0.018521 seconds
  Import took 0.022931 seconds .

========================================================================
Received Import Request.
  Time since last request: 43.263160 seconds.
  path: Assets/Scenes/Lobby 1Settings.lighting
  artifactKey: Guid(22cb334a357d10142a3caa87e888e857) Importer(815301076,1909f56bfc062723c751e8b465ee728b)
Start importing Assets/Scenes/Lobby 1Settings.lighting using Guid(22cb334a357d10142a3caa87e888e857) Importer(815301076,1909f56bfc062723c751e8b465ee728b)  -> (artifact id: '20b7b4d21a61dd332a0b51f20de0f1e6') in 0.022129 seconds
  Import took 0.033587 seconds .

========================================================================
Received Import Request.
  Time since last request: 0.024670 seconds.
  path: Assets/Scenes/Lobby 1Settings.lighting
  artifactKey: Guid(22cb334a357d10142a3caa87e888e857) Importer(815301076,1909f56bfc062723c751e8b465ee728b)
Start importing Assets/Scenes/Lobby 1Settings.lighting using Guid(22cb334a357d10142a3caa87e888e857) Importer(815301076,1909f56bfc062723c751e8b465ee728b)  -> (artifact id: '20b7b4d21a61dd332a0b51f20de0f1e6') in 0.008046 seconds
  Import took 0.017199 seconds .

========================================================================
Received Import Request.
  Time since last request: 25.624351 seconds.
  path: Assets/Scenes/Lobby 1.unity
  artifactKey: Guid(729401aa4ee934949a32c67322aa8cc8) Importer(815301076,1909f56bfc062723c751e8b465ee728b)
Start importing Assets/Scenes/Lobby 1.unity using Guid(729401aa4ee934949a32c67322aa8cc8) Importer(815301076,1909f56bfc062723c751e8b465ee728b)  -> (artifact id: 'd6f5647975f0d99b6cb3e5ec541716e4') in 0.009469 seconds
  Import took 0.019950 seconds .

========================================================================
Received Import Request.
  Time since last request: 0.001686 seconds.
  path: Assets/Scenes/Lobby 1.unity
  artifactKey: Guid(729401aa4ee934949a32c67322aa8cc8) Importer(815301076,1909f56bfc062723c751e8b465ee728b)
Start importing Assets/Scenes/Lobby 1.unity using Guid(729401aa4ee934949a32c67322aa8cc8) Importer(815301076,1909f56bfc062723c751e8b465ee728b)  -> (artifact id: 'd6f5647975f0d99b6cb3e5ec541716e4') in 0.007983 seconds
  Import took 0.019363 seconds .

========================================================================
Received Import Request.
  Time since last request: 3.900005 seconds.
  path: Assets/Scenes/Lobby.unity
  artifactKey: Guid(729401aa4ee934949a32c67322aa8cc8) Importer(815301076,1909f56bfc062723c751e8b465ee728b)
Start importing Assets/Scenes/Lobby.unity using Guid(729401aa4ee934949a32c67322aa8cc8) Importer(815301076,1909f56bfc062723c751e8b465ee728b)  -> (artifact id: 'f0057ff1b79236bca07aa1bd2aa12396') in 0.008546 seconds
  Import took 0.014042 seconds .

========================================================================
Received Import Request.
  Time since last request: 30.449946 seconds.
  path: Assets/Scenes/Lobby.unity
  artifactKey: Guid(4d40e42dd55fa47bdb8e4cbcf024209b) Importer(815301076,1909f56bfc062723c751e8b465ee728b)
Start importing Assets/Scenes/Lobby.unity using Guid(4d40e42dd55fa47bdb8e4cbcf024209b) Importer(815301076,1909f56bfc062723c751e8b465ee728b)  -> (artifact id: 'f62bbda4ab36d08bafb3f408e7e183d1') in 0.009385 seconds
  Import took 0.019379 seconds .

========================================================================
Received Import Request.
  Time since last request: 0.000699 seconds.
  path: Assets/Scenes/Lobby.unity
  artifactKey: Guid(4d40e42dd55fa47bdb8e4cbcf024209b) Importer(815301076,1909f56bfc062723c751e8b465ee728b)
Start importing Assets/Scenes/Lobby.unity using Guid(4d40e42dd55fa47bdb8e4cbcf024209b) Importer(815301076,1909f56bfc062723c751e8b465ee728b)  -> (artifact id: 'f62bbda4ab36d08bafb3f408e7e183d1') in 0.008931 seconds
  Import took 0.018234 seconds .

========================================================================
Received Import Request.
  Time since last request: 51.244671 seconds.
  path: Assets/Scenes/Lobby.unity
  artifactKey: Guid(4d40e42dd55fa47bdb8e4cbcf024209b) Importer(815301076,1909f56bfc062723c751e8b465ee728b)
Start importing Assets/Scenes/Lobby.unity using Guid(4d40e42dd55fa47bdb8e4cbcf024209b) Importer(815301076,1909f56bfc062723c751e8b465ee728b)  -> (artifact id: 'f8d45ae4057bef573a1912773c31ca54') in 0.009397 seconds
  Import took 0.019967 seconds .

========================================================================
Received Import Request.
  Time since last request: 0.001756 seconds.
  path: Assets/Scenes/Lobby.unity
  artifactKey: Guid(4d40e42dd55fa47bdb8e4cbcf024209b) Importer(815301076,1909f56bfc062723c751e8b465ee728b)
Start importing Assets/Scenes/Lobby.unity using Guid(4d40e42dd55fa47bdb8e4cbcf024209b) Importer(815301076,1909f56bfc062723c751e8b465ee728b)  -> (artifact id: 'f8d45ae4057bef573a1912773c31ca54') in 0.008982 seconds
  Import took 0.020461 seconds .

========================================================================
Received Import Request.
  Time since last request: 31.514843 seconds.
  path: Assets/Scenes/Lobby.unity
  artifactKey: Guid(4d40e42dd55fa47bdb8e4cbcf024209b) Importer(815301076,1909f56bfc062723c751e8b465ee728b)
Start importing Assets/Scenes/Lobby.unity using Guid(4d40e42dd55fa47bdb8e4cbcf024209b) Importer(815301076,1909f56bfc062723c751e8b465ee728b)  -> (artifact id: '424821c5414197d49b3769f2172f43f0') in 0.009888 seconds
  Import took 0.019322 seconds .

========================================================================
Received Import Request.
  Time since last request: 0.002784 seconds.
  path: Assets/Scenes/Lobby.unity
  artifactKey: Guid(4d40e42dd55fa47bdb8e4cbcf024209b) Importer(815301076,1909f56bfc062723c751e8b465ee728b)
Start importing Assets/Scenes/Lobby.unity using Guid(4d40e42dd55fa47bdb8e4cbcf024209b) Importer(815301076,1909f56bfc062723c751e8b465ee728b)  -> (artifact id: '424821c5414197d49b3769f2172f43f0') in 0.007662 seconds
  Import took 0.019166 seconds .

AssetImportWorkerClient::OnTransportError - code=2 error=End of file
