Using pre-set license
Built from '2020.2/release' branch; Version is '2020.2.2f1 (068178b99f32) revision 426360'; Using compiler version '192528614'; Build Type 'Release'
OS: 'Windows 10 Home; OS build 19042.804; Version 2009; 64bit' Language: 'ko' Physical Memory: 16304 MB
BatchMode: 1, IsHumanControllingUs: 0, StartBugReporterOnCrash: 0, Is64bit: 1, IsPro: 0

 COMMAND LINE ARGUMENTS:
C:\Program Files\Unity\Hub\Editor\2020.2.2f1\Editor\Unity.exe
-adb2
-batchMode
-noUpm
-name
AssetImportWorker1
-projectPath
C:/Users/wns83/Documents/GitHub/WhatEverYouWant/WEUW
-logFile
Logs/AssetImportWorker1.log
-srvPort
7129
Successfully changed project path to: C:/Users/wns83/Documents/GitHub/WhatEverYouWant/WEUW
C:/Users/wns83/Documents/GitHub/WhatEverYouWant/WEUW
Using Asset Import Pipeline V2.
Refreshing native plugins compatible for Editor in 91.18 ms, found 1 plugins.
Preloading 0 native plugins for Editor in 0.00 ms.
Initialize engine version: 2020.2.2f1 (068178b99f32)
[Subsystems] Discovering subsystems at path C:/Program Files/Unity/Hub/Editor/2020.2.2f1/Editor/Data/Resources/UnitySubsystems
[Subsystems] Discovering subsystems at path C:/Users/wns83/Documents/GitHub/WhatEverYouWant/WEUW/Assets
GfxDevice: creating device client; threaded=0
Direct3D:
    Version:  Direct3D 11.0 [level 11.1]
    Renderer: NVIDIA GeForce GTX 1660 Ti (ID=0x2191)
    Vendor:   
    VRAM:     5991 MB
    Driver:   27.21.14.6089
Initialize mono
Mono path[0] = 'C:/Program Files/Unity/Hub/Editor/2020.2.2f1/Editor/Data/Managed'
Mono path[1] = 'C:/Program Files/Unity/Hub/Editor/2020.2.2f1/Editor/Data/MonoBleedingEdge/lib/mono/unityjit'
Mono config path = 'C:/Program Files/Unity/Hub/Editor/2020.2.2f1/Editor/Data/MonoBleedingEdge/etc'
Using monoOptions --debugger-agent=transport=dt_socket,embedding=1,server=y,suspend=n,address=127.0.0.1:56152
Begin MonoManager ReloadAssembly
Registering precompiled unity dll's ...
Register platform support module: C:/Program Files/Unity/Hub/Editor/2020.2.2f1/Editor/Data/PlaybackEngines/WindowsStandaloneSupport/UnityEditor.WindowsStandalone.Extensions.dll
Registered in 0.002290 seconds.
Native extension for WindowsStandalone target not found
Refreshing native plugins compatible for Editor in 70.20 ms, found 1 plugins.
Preloading 0 native plugins for Editor in 0.00 ms.
Invoked RoslynAnalysisRunner static constructor.
RoslynAnalysisRunner will not be running.
RoslynAnalysisRunner has terminated.
Mono: successfully reloaded assembly
- Completed reload, in  2.522 seconds
Platform modules already initialized, skipping
Registering precompiled user dll's ...
Registered in 0.020750 seconds.
Begin MonoManager ReloadAssembly
Native extension for WindowsStandalone target not found
Refreshing native plugins compatible for Editor in 64.59 ms, found 1 plugins.
Preloading 0 native plugins for Editor in 0.00 ms.
Invoked RoslynAnalysisRunner static constructor.
RoslynAnalysisRunner will not be running.
RoslynAnalysisRunner has terminated.
Mono: successfully reloaded assembly
- Completed reload, in  3.933 seconds
Platform modules already initialized, skipping
========================================================================
Worker process is ready to serve import requests
Launched and connected shader compiler UnityShaderCompiler.exe after 0.11 seconds
Refreshing native plugins compatible for Editor in 0.63 ms, found 1 plugins.
Preloading 0 native plugins for Editor in 0.00 ms.
Unloading 2210 Unused Serialized files (Serialized files now loaded: 0)
System memory in use before: 111.9 MB.
System memory in use after: 112.1 MB.

Unloading 44 unused Assets to reduce memory usage. Loaded Objects now: 2708.
Total: 22.765100 ms (FindLiveObjects: 0.402200 ms CreateObjectMapping: 0.168900 ms MarkObjects: 21.915700 ms  DeleteObjects: 0.276700 ms)

========================================================================
Received Import Request.
  path: Assets/Scenes/Lobby.unity
  artifactKey: Guid(4d40e42dd55fa47bdb8e4cbcf024209b) Importer(815301076,1909f56bfc062723c751e8b465ee728b)
Start importing Assets/Scenes/Lobby.unity using Guid(4d40e42dd55fa47bdb8e4cbcf024209b) Importer(815301076,1909f56bfc062723c751e8b465ee728b)  -> (artifact id: 'da9c354678428c4e0704bc59eab9babe') in 0.024488 seconds
  Import took 0.028838 seconds .

========================================================================
Received Prepare
Registering precompiled user dll's ...
Registered in 0.015357 seconds.
Begin MonoManager ReloadAssembly
Native extension for WindowsStandalone target not found
Refreshing native plugins compatible for Editor in 1.10 ms, found 1 plugins.
Preloading 0 native plugins for Editor in 0.00 ms.
Invoked RoslynAnalysisRunner static constructor.
RoslynAnalysisRunner will not be running.
RoslynAnalysisRunner has terminated.
Mono: successfully reloaded assembly
- Completed reload, in  2.021 seconds
Platform modules already initialized, skipping
Refreshing native plugins compatible for Editor in 0.91 ms, found 1 plugins.
Preloading 0 native plugins for Editor in 0.00 ms.
Unloading 2201 Unused Serialized files (Serialized files now loaded: 0)
System memory in use before: 130.3 MB.
System memory in use after: 130.4 MB.

Unloading 33 unused Assets to reduce memory usage. Loaded Objects now: 2711.
Total: 43.227900 ms (FindLiveObjects: 0.685300 ms CreateObjectMapping: 0.311500 ms MarkObjects: 42.068100 ms  DeleteObjects: 0.159600 ms)

========================================================================
Received Prepare
Registering precompiled user dll's ...
Registered in 0.018273 seconds.
Begin MonoManager ReloadAssembly
Native extension for WindowsStandalone target not found
Refreshing native plugins compatible for Editor in 0.68 ms, found 1 plugins.
Preloading 0 native plugins for Editor in 0.00 ms.
Invoked RoslynAnalysisRunner static constructor.
RoslynAnalysisRunner will not be running.
RoslynAnalysisRunner has terminated.
Mono: successfully reloaded assembly
- Completed reload, in  2.031 seconds
Platform modules already initialized, skipping
Refreshing native plugins compatible for Editor in 0.68 ms, found 1 plugins.
Preloading 0 native plugins for Editor in 0.00 ms.
Unloading 2202 Unused Serialized files (Serialized files now loaded: 0)
System memory in use before: 130.6 MB.
System memory in use after: 130.7 MB.

Unloading 33 unused Assets to reduce memory usage. Loaded Objects now: 2715.
Total: 24.580800 ms (FindLiveObjects: 0.468100 ms CreateObjectMapping: 0.200900 ms MarkObjects: 23.800500 ms  DeleteObjects: 0.109400 ms)

========================================================================
Received Import Request.
  Time since last request: 330.419043 seconds.
  path: Assets/Scripts/Server/CameraSetup.cs
  artifactKey: Guid(deb904c6bc6f84fe8a1ca5d61683b9f6) Importer(815301076,1909f56bfc062723c751e8b465ee728b)
Start importing Assets/Scripts/Server/CameraSetup.cs using Guid(deb904c6bc6f84fe8a1ca5d61683b9f6) Importer(815301076,1909f56bfc062723c751e8b465ee728b)  -> (artifact id: 'a943fcf03dc2055704b1a6f164d4d6e3') in 0.130844 seconds
  Import took 0.146234 seconds .

========================================================================
Received Import Request.
  Time since last request: 67.543453 seconds.
  path: Assets/Scripts/Server/LobbyManager.cs
  artifactKey: Guid(c2bfdbcfa1b1a46c7a0f871c63c4f97f) Importer(815301076,1909f56bfc062723c751e8b465ee728b)
Start importing Assets/Scripts/Server/LobbyManager.cs using Guid(c2bfdbcfa1b1a46c7a0f871c63c4f97f) Importer(815301076,1909f56bfc062723c751e8b465ee728b)  -> (artifact id: '484b98e0b380cd499e95de4af447ee21') in 0.037141 seconds
  Import took 0.062195 seconds .

========================================================================
Received Prepare
Registering precompiled user dll's ...
Registered in 0.013192 seconds.
Begin MonoManager ReloadAssembly
Native extension for WindowsStandalone target not found
Refreshing native plugins compatible for Editor in 0.73 ms, found 1 plugins.
Preloading 0 native plugins for Editor in 0.00 ms.
Invoked RoslynAnalysisRunner static constructor.
RoslynAnalysisRunner will not be running.
RoslynAnalysisRunner has terminated.
Mono: successfully reloaded assembly
- Completed reload, in  2.187 seconds
Platform modules already initialized, skipping
Refreshing native plugins compatible for Editor in 0.61 ms, found 1 plugins.
Preloading 0 native plugins for Editor in 0.00 ms.
Unloading 2202 Unused Serialized files (Serialized files now loaded: 0)
System memory in use before: 130.9 MB.
System memory in use after: 131.1 MB.

Unloading 33 unused Assets to reduce memory usage. Loaded Objects now: 2718.
Total: 28.813700 ms (FindLiveObjects: 0.452800 ms CreateObjectMapping: 0.174800 ms MarkObjects: 28.079600 ms  DeleteObjects: 0.104400 ms)

========================================================================
Received Prepare
Registering precompiled user dll's ...
Registered in 0.012309 seconds.
Begin MonoManager ReloadAssembly
Native extension for WindowsStandalone target not found
Refreshing native plugins compatible for Editor in 0.63 ms, found 1 plugins.
Preloading 0 native plugins for Editor in 0.00 ms.
Invoked RoslynAnalysisRunner static constructor.
RoslynAnalysisRunner will not be running.
RoslynAnalysisRunner has terminated.
Mono: successfully reloaded assembly
- Completed reload, in  2.038 seconds
Platform modules already initialized, skipping
Refreshing native plugins compatible for Editor in 0.66 ms, found 1 plugins.
Preloading 0 native plugins for Editor in 0.00 ms.
Unloading 2202 Unused Serialized files (Serialized files now loaded: 0)
System memory in use before: 131.3 MB.
System memory in use after: 131.4 MB.

Unloading 33 unused Assets to reduce memory usage. Loaded Objects now: 2721.
Total: 29.314200 ms (FindLiveObjects: 0.415100 ms CreateObjectMapping: 0.160700 ms MarkObjects: 28.621400 ms  DeleteObjects: 0.114700 ms)

========================================================================
Received Prepare
Registering precompiled user dll's ...
Registered in 0.011584 seconds.
Begin MonoManager ReloadAssembly
Native extension for WindowsStandalone target not found
Refreshing native plugins compatible for Editor in 0.64 ms, found 1 plugins.
Preloading 0 native plugins for Editor in 0.00 ms.
Invoked RoslynAnalysisRunner static constructor.
RoslynAnalysisRunner will not be running.
RoslynAnalysisRunner has terminated.
Mono: successfully reloaded assembly
- Completed reload, in  1.991 seconds
Platform modules already initialized, skipping
Refreshing native plugins compatible for Editor in 1.07 ms, found 1 plugins.
Preloading 0 native plugins for Editor in 0.00 ms.
Unloading 2202 Unused Serialized files (Serialized files now loaded: 0)
System memory in use before: 131.5 MB.
System memory in use after: 131.6 MB.

Unloading 33 unused Assets to reduce memory usage. Loaded Objects now: 2724.
Total: 34.196300 ms (FindLiveObjects: 1.198200 ms CreateObjectMapping: 0.313500 ms MarkObjects: 32.524800 ms  DeleteObjects: 0.157000 ms)

========================================================================
Received Prepare
Registering precompiled user dll's ...
Registered in 0.010840 seconds.
Begin MonoManager ReloadAssembly
Native extension for WindowsStandalone target not found
Refreshing native plugins compatible for Editor in 0.95 ms, found 1 plugins.
Preloading 0 native plugins for Editor in 0.00 ms.
Invoked RoslynAnalysisRunner static constructor.
RoslynAnalysisRunner will not be running.
RoslynAnalysisRunner has terminated.
Mono: successfully reloaded assembly
- Completed reload, in  2.313 seconds
Platform modules already initialized, skipping
Refreshing native plugins compatible for Editor in 0.61 ms, found 1 plugins.
Preloading 0 native plugins for Editor in 0.00 ms.
Unloading 2202 Unused Serialized files (Serialized files now loaded: 0)
System memory in use before: 131.8 MB.
System memory in use after: 131.9 MB.

Unloading 33 unused Assets to reduce memory usage. Loaded Objects now: 2727.
Total: 22.777100 ms (FindLiveObjects: 0.425500 ms CreateObjectMapping: 0.172300 ms MarkObjects: 22.069300 ms  DeleteObjects: 0.108500 ms)

========================================================================
Received Import Request.
  Time since last request: 3597.761512 seconds.
  path: Assets/Prefabs/Player.prefab
  artifactKey: Guid(ba228d5f481fb6243b6a3196843a3a47) Importer(815301076,1909f56bfc062723c751e8b465ee728b)
Start importing Assets/Prefabs/Player.prefab using Guid(ba228d5f481fb6243b6a3196843a3a47) Importer(815301076,1909f56bfc062723c751e8b465ee728b)  -> (artifact id: '45a638274cc4f9abc9a98aae66bd32fa') in 0.242175 seconds
  Import took 0.250012 seconds .

========================================================================
Received Prepare
Registering precompiled user dll's ...
Registered in 0.015017 seconds.
Begin MonoManager ReloadAssembly
Native extension for WindowsStandalone target not found
Refreshing native plugins compatible for Editor in 0.87 ms, found 1 plugins.
Preloading 0 native plugins for Editor in 0.00 ms.
Invoked RoslynAnalysisRunner static constructor.
RoslynAnalysisRunner will not be running.
RoslynAnalysisRunner has terminated.
Mono: successfully reloaded assembly
- Completed reload, in  2.060 seconds
Platform modules already initialized, skipping
Refreshing native plugins compatible for Editor in 0.63 ms, found 1 plugins.
Preloading 0 native plugins for Editor in 0.00 ms.
Unloading 2202 Unused Serialized files (Serialized files now loaded: 0)
System memory in use before: 134.2 MB.
System memory in use after: 134.3 MB.

Unloading 33 unused Assets to reduce memory usage. Loaded Objects now: 2737.
Total: 25.402000 ms (FindLiveObjects: 0.497700 ms CreateObjectMapping: 0.212000 ms MarkObjects: 24.576400 ms  DeleteObjects: 0.113600 ms)

========================================================================
Received Prepare
Registering precompiled user dll's ...
Registered in 0.009448 seconds.
Begin MonoManager ReloadAssembly
Native extension for WindowsStandalone target not found
Refreshing native plugins compatible for Editor in 1.10 ms, found 1 plugins.
Preloading 0 native plugins for Editor in 0.00 ms.
Invoked RoslynAnalysisRunner static constructor.
RoslynAnalysisRunner will not be running.
RoslynAnalysisRunner has terminated.
Mono: successfully reloaded assembly
- Completed reload, in  1.867 seconds
Platform modules already initialized, skipping
Refreshing native plugins compatible for Editor in 1.07 ms, found 1 plugins.
Preloading 0 native plugins for Editor in 0.00 ms.
Unloading 2202 Unused Serialized files (Serialized files now loaded: 0)
System memory in use before: 134.5 MB.
System memory in use after: 134.6 MB.

Unloading 33 unused Assets to reduce memory usage. Loaded Objects now: 2740.
Total: 27.166200 ms (FindLiveObjects: 0.242600 ms CreateObjectMapping: 0.116900 ms MarkObjects: 26.686700 ms  DeleteObjects: 0.117500 ms)

========================================================================
Received Prepare
Registering precompiled user dll's ...
Registered in 0.014674 seconds.
Begin MonoManager ReloadAssembly
Native extension for WindowsStandalone target not found
Refreshing native plugins compatible for Editor in 1.12 ms, found 1 plugins.
Preloading 0 native plugins for Editor in 0.00 ms.
Invoked RoslynAnalysisRunner static constructor.
RoslynAnalysisRunner will not be running.
RoslynAnalysisRunner has terminated.
Mono: successfully reloaded assembly
- Completed reload, in  1.963 seconds
Platform modules already initialized, skipping
Refreshing native plugins compatible for Editor in 0.70 ms, found 1 plugins.
Preloading 0 native plugins for Editor in 0.00 ms.
Unloading 2202 Unused Serialized files (Serialized files now loaded: 0)
System memory in use before: 134.9 MB.
System memory in use after: 135.0 MB.

Unloading 33 unused Assets to reduce memory usage. Loaded Objects now: 2743.
Total: 23.130800 ms (FindLiveObjects: 0.403800 ms CreateObjectMapping: 0.169100 ms MarkObjects: 22.447200 ms  DeleteObjects: 0.108800 ms)

========================================================================
Received Import Request.
  Time since last request: 749.065379 seconds.
  path: Assets/Scenes/Lobby.unity
  artifactKey: Guid(4d40e42dd55fa47bdb8e4cbcf024209b) Importer(815301076,1909f56bfc062723c751e8b465ee728b)
Start importing Assets/Scenes/Lobby.unity using Guid(4d40e42dd55fa47bdb8e4cbcf024209b) Importer(815301076,1909f56bfc062723c751e8b465ee728b)  -> (artifact id: '0b78bbbee83eea6f0b501a5782fe88ac') in 0.014627 seconds
  Import took 0.020064 seconds .

========================================================================
Received Import Request.
  Time since last request: 0.012500 seconds.
  path: Assets/Scenes/Lobby.unity
  artifactKey: Guid(4d40e42dd55fa47bdb8e4cbcf024209b) Importer(815301076,1909f56bfc062723c751e8b465ee728b)
Start importing Assets/Scenes/Lobby.unity using Guid(4d40e42dd55fa47bdb8e4cbcf024209b) Importer(815301076,1909f56bfc062723c751e8b465ee728b)  -> (artifact id: '0b78bbbee83eea6f0b501a5782fe88ac') in 0.010911 seconds
  Import took 0.015017 seconds .

========================================================================
Received Prepare
Registering precompiled user dll's ...
Registered in 0.010601 seconds.
Begin MonoManager ReloadAssembly
Native extension for WindowsStandalone target not found
Refreshing native plugins compatible for Editor in 1.31 ms, found 1 plugins.
Preloading 0 native plugins for Editor in 0.00 ms.
Invoked RoslynAnalysisRunner static constructor.
RoslynAnalysisRunner will not be running.
RoslynAnalysisRunner has terminated.
Mono: successfully reloaded assembly
- Completed reload, in  2.201 seconds
Platform modules already initialized, skipping
Refreshing native plugins compatible for Editor in 0.60 ms, found 1 plugins.
Preloading 0 native plugins for Editor in 0.00 ms.
Unloading 2202 Unused Serialized files (Serialized files now loaded: 0)
System memory in use before: 134.1 MB.
System memory in use after: 134.2 MB.

Unloading 33 unused Assets to reduce memory usage. Loaded Objects now: 2746.
Total: 26.823900 ms (FindLiveObjects: 0.418600 ms CreateObjectMapping: 0.183800 ms MarkObjects: 26.083200 ms  DeleteObjects: 0.126200 ms)

========================================================================
Received Prepare
Registering precompiled user dll's ...
Registered in 0.009361 seconds.
Begin MonoManager ReloadAssembly
Native extension for WindowsStandalone target not found
Refreshing native plugins compatible for Editor in 0.69 ms, found 1 plugins.
Preloading 0 native plugins for Editor in 0.00 ms.
Invoked RoslynAnalysisRunner static constructor.
RoslynAnalysisRunner will not be running.
RoslynAnalysisRunner has terminated.
Mono: successfully reloaded assembly
- Completed reload, in  2.814 seconds
Platform modules already initialized, skipping
Refreshing native plugins compatible for Editor in 0.85 ms, found 1 plugins.
Preloading 0 native plugins for Editor in 0.00 ms.
Unloading 2202 Unused Serialized files (Serialized files now loaded: 0)
System memory in use before: 124.7 MB.
System memory in use after: 124.8 MB.

Unloading 33 unused Assets to reduce memory usage. Loaded Objects now: 2749.
Total: 23.852500 ms (FindLiveObjects: 0.543400 ms CreateObjectMapping: 0.155100 ms MarkObjects: 23.001500 ms  DeleteObjects: 0.150400 ms)

========================================================================
Received Prepare
Refreshing native plugins compatible for Editor in 7.01 ms, found 1 plugins.
Preloading 0 native plugins for Editor in 0.00 ms.
Unloading 30 Unused Serialized files (Serialized files now loaded: 0)
System memory in use before: 63.7 MB.
System memory in use after: 63.8 MB.

Unloading 30 unused Assets to reduce memory usage. Loaded Objects now: 2749.
Total: 27.278600 ms (FindLiveObjects: 0.383800 ms CreateObjectMapping: 0.168200 ms MarkObjects: 26.614000 ms  DeleteObjects: 0.110500 ms)

========================================================================
Received Prepare
Refreshing native plugins compatible for Editor in 8.53 ms, found 1 plugins.
Preloading 0 native plugins for Editor in 0.00 ms.
Unloading 30 Unused Serialized files (Serialized files now loaded: 0)
System memory in use before: 63.9 MB.
System memory in use after: 64.1 MB.

Unloading 30 unused Assets to reduce memory usage. Loaded Objects now: 2749.
Total: 35.198200 ms (FindLiveObjects: 0.465400 ms CreateObjectMapping: 0.174700 ms MarkObjects: 34.368900 ms  DeleteObjects: 0.186800 ms)

========================================================================
Received Prepare
Registering precompiled user dll's ...
Registered in 0.018570 seconds.
Begin MonoManager ReloadAssembly
Native extension for WindowsStandalone target not found
Refreshing native plugins compatible for Editor in 1.52 ms, found 1 plugins.
Preloading 0 native plugins for Editor in 0.00 ms.
Invoked RoslynAnalysisRunner static constructor.
RoslynAnalysisRunner will not be running.
RoslynAnalysisRunner has terminated.
Mono: successfully reloaded assembly
- Completed reload, in  2.523 seconds
Platform modules already initialized, skipping
Refreshing native plugins compatible for Editor in 0.96 ms, found 1 plugins.
Preloading 0 native plugins for Editor in 0.00 ms.
Unloading 2202 Unused Serialized files (Serialized files now loaded: 0)
System memory in use before: 134.1 MB.
System memory in use after: 134.3 MB.

Unloading 33 unused Assets to reduce memory usage. Loaded Objects now: 2752.
Total: 64.268700 ms (FindLiveObjects: 1.866700 ms CreateObjectMapping: 0.333200 ms MarkObjects: 61.917600 ms  DeleteObjects: 0.148600 ms)

========================================================================
Received Prepare
Refreshing native plugins compatible for Editor in 6.86 ms, found 1 plugins.
Preloading 0 native plugins for Editor in 0.00 ms.
Unloading 30 Unused Serialized files (Serialized files now loaded: 0)
System memory in use before: 73.2 MB.
System memory in use after: 73.3 MB.

Unloading 30 unused Assets to reduce memory usage. Loaded Objects now: 2752.
Total: 24.255200 ms (FindLiveObjects: 0.358200 ms CreateObjectMapping: 0.282900 ms MarkObjects: 23.498200 ms  DeleteObjects: 0.113400 ms)

========================================================================
Received Prepare
Registering precompiled user dll's ...
Registered in 0.018022 seconds.
Begin MonoManager ReloadAssembly
Native extension for WindowsStandalone target not found
Refreshing native plugins compatible for Editor in 0.92 ms, found 1 plugins.
Preloading 0 native plugins for Editor in 0.00 ms.
Invoked RoslynAnalysisRunner static constructor.
RoslynAnalysisRunner will not be running.
RoslynAnalysisRunner has terminated.
Mono: successfully reloaded assembly
- Completed reload, in  2.533 seconds
Platform modules already initialized, skipping
Refreshing native plugins compatible for Editor in 0.67 ms, found 1 plugins.
Preloading 0 native plugins for Editor in 0.00 ms.
Unloading 2202 Unused Serialized files (Serialized files now loaded: 0)
System memory in use before: 134.6 MB.
System memory in use after: 134.8 MB.

Unloading 33 unused Assets to reduce memory usage. Loaded Objects now: 2755.
Total: 28.219000 ms (FindLiveObjects: 0.423500 ms CreateObjectMapping: 0.164500 ms MarkObjects: 27.497000 ms  DeleteObjects: 0.131700 ms)

========================================================================
Received Import Request.
  Time since last request: 695.737602 seconds.
  path: Assets/Scenes/InGame.unity
  artifactKey: Guid(2cda990e2423bbf4892e6590ba056729) Importer(815301076,1909f56bfc062723c751e8b465ee728b)
Start importing Assets/Scenes/InGame.unity using Guid(2cda990e2423bbf4892e6590ba056729) Importer(815301076,1909f56bfc062723c751e8b465ee728b)  -> (artifact id: '1a3345797412e8990631f5236d9bd9fa') in 0.110325 seconds
  Import took 0.129279 seconds .

========================================================================
Received Import Request.
  Time since last request: 8.527699 seconds.
  path: Assets/Sprites/LobbyBG.mat
  artifactKey: Guid(5e8a2d6b119e8ba4195246a6282f0996) Importer(815301076,1909f56bfc062723c751e8b465ee728b)
Start importing Assets/Sprites/LobbyBG.mat using Guid(5e8a2d6b119e8ba4195246a6282f0996) Importer(815301076,1909f56bfc062723c751e8b465ee728b)  -> (artifact id: '8ffddbcde47249011f794860fea0cbb8') in 0.279475 seconds
  Import took 0.288808 seconds .

========================================================================
Received Import Request.
  Time since last request: 130.991183 seconds.
  path: Assets/Animations/player/Player.controller
  artifactKey: Guid(3844fc3e5adcd8045b89d4de3469c64b) Importer(815301076,1909f56bfc062723c751e8b465ee728b)
Start importing Assets/Animations/player/Player.controller using Guid(3844fc3e5adcd8045b89d4de3469c64b) Importer(815301076,1909f56bfc062723c751e8b465ee728b)  -> (artifact id: '77ad96702c01483ed1a89082d597f5c8') in 0.068128 seconds
  Import took 0.080815 seconds .

========================================================================
Received Prepare
Registering precompiled user dll's ...
Registered in 0.029377 seconds.
Begin MonoManager ReloadAssembly
Native extension for WindowsStandalone target not found
Refreshing native plugins compatible for Editor in 0.68 ms, found 1 plugins.
Preloading 0 native plugins for Editor in 0.00 ms.
Invoked RoslynAnalysisRunner static constructor.
RoslynAnalysisRunner will not be running.
RoslynAnalysisRunner has terminated.
Mono: successfully reloaded assembly
- Completed reload, in  1.758 seconds
Platform modules already initialized, skipping
Refreshing native plugins compatible for Editor in 0.95 ms, found 1 plugins.
Preloading 0 native plugins for Editor in 0.00 ms.
Unloading 2202 Unused Serialized files (Serialized files now loaded: 0)
System memory in use before: 135.2 MB.
System memory in use after: 135.3 MB.

Unloading 33 unused Assets to reduce memory usage. Loaded Objects now: 2792.
Total: 23.838400 ms (FindLiveObjects: 0.413400 ms CreateObjectMapping: 0.180100 ms MarkObjects: 23.018600 ms  DeleteObjects: 0.224100 ms)

========================================================================
Received Prepare
Registering precompiled user dll's ...
Registered in 0.010505 seconds.
Begin MonoManager ReloadAssembly
Native extension for WindowsStandalone target not found
Refreshing native plugins compatible for Editor in 0.68 ms, found 1 plugins.
Preloading 0 native plugins for Editor in 0.00 ms.
Invoked RoslynAnalysisRunner static constructor.
RoslynAnalysisRunner will not be running.
RoslynAnalysisRunner has terminated.
Mono: successfully reloaded assembly
- Completed reload, in  2.172 seconds
Platform modules already initialized, skipping
Refreshing native plugins compatible for Editor in 0.62 ms, found 1 plugins.
Preloading 0 native plugins for Editor in 0.00 ms.
Unloading 2202 Unused Serialized files (Serialized files now loaded: 0)
System memory in use before: 134.4 MB.
System memory in use after: 134.5 MB.

Unloading 33 unused Assets to reduce memory usage. Loaded Objects now: 2795.
Total: 27.658900 ms (FindLiveObjects: 0.409600 ms CreateObjectMapping: 0.180000 ms MarkObjects: 26.913400 ms  DeleteObjects: 0.153300 ms)

========================================================================
Received Prepare
Registering precompiled user dll's ...
Registered in 0.010326 seconds.
Begin MonoManager ReloadAssembly
Native extension for WindowsStandalone target not found
Refreshing native plugins compatible for Editor in 0.69 ms, found 1 plugins.
Preloading 0 native plugins for Editor in 0.00 ms.
Invoked RoslynAnalysisRunner static constructor.
RoslynAnalysisRunner will not be running.
RoslynAnalysisRunner has terminated.
Mono: successfully reloaded assembly
- Completed reload, in  1.780 seconds
Platform modules already initialized, skipping
Refreshing native plugins compatible for Editor in 1.28 ms, found 1 plugins.
Preloading 0 native plugins for Editor in 0.00 ms.
Unloading 2202 Unused Serialized files (Serialized files now loaded: 0)
System memory in use before: 134.8 MB.
System memory in use after: 134.9 MB.

Unloading 33 unused Assets to reduce memory usage. Loaded Objects now: 2798.
Total: 36.683000 ms (FindLiveObjects: 0.617600 ms CreateObjectMapping: 0.282100 ms MarkObjects: 35.601400 ms  DeleteObjects: 0.178800 ms)

========================================================================
Received Prepare
Registering precompiled user dll's ...
Registered in 0.013338 seconds.
Begin MonoManager ReloadAssembly
Native extension for WindowsStandalone target not found
Refreshing native plugins compatible for Editor in 1.33 ms, found 1 plugins.
Preloading 0 native plugins for Editor in 0.00 ms.
Invoked RoslynAnalysisRunner static constructor.
RoslynAnalysisRunner will not be running.
RoslynAnalysisRunner has terminated.
Mono: successfully reloaded assembly
- Completed reload, in  2.188 seconds
Platform modules already initialized, skipping
Refreshing native plugins compatible for Editor in 0.60 ms, found 1 plugins.
Preloading 0 native plugins for Editor in 0.00 ms.
Unloading 2202 Unused Serialized files (Serialized files now loaded: 0)
System memory in use before: 135.1 MB.
System memory in use after: 135.3 MB.

Unloading 33 unused Assets to reduce memory usage. Loaded Objects now: 2801.
Total: 25.967400 ms (FindLiveObjects: 0.356400 ms CreateObjectMapping: 0.125100 ms MarkObjects: 25.331400 ms  DeleteObjects: 0.151900 ms)

========================================================================
Received Prepare
Registering precompiled user dll's ...
Registered in 0.010578 seconds.
Begin MonoManager ReloadAssembly
Native extension for WindowsStandalone target not found
Refreshing native plugins compatible for Editor in 0.70 ms, found 1 plugins.
Preloading 0 native plugins for Editor in 0.00 ms.
Invoked RoslynAnalysisRunner static constructor.
RoslynAnalysisRunner will not be running.
RoslynAnalysisRunner has terminated.
Mono: successfully reloaded assembly
- Completed reload, in  2.121 seconds
Platform modules already initialized, skipping
Refreshing native plugins compatible for Editor in 0.59 ms, found 1 plugins.
Preloading 0 native plugins for Editor in 0.00 ms.
Unloading 2202 Unused Serialized files (Serialized files now loaded: 0)
System memory in use before: 124.7 MB.
System memory in use after: 124.8 MB.

Unloading 33 unused Assets to reduce memory usage. Loaded Objects now: 2804.
Total: 25.404500 ms (FindLiveObjects: 0.438400 ms CreateObjectMapping: 0.200800 ms MarkObjects: 24.630700 ms  DeleteObjects: 0.132100 ms)

========================================================================
Received Prepare
Registering precompiled user dll's ...
Registered in 0.011933 seconds.
Begin MonoManager ReloadAssembly
Native extension for WindowsStandalone target not found
Refreshing native plugins compatible for Editor in 0.70 ms, found 1 plugins.
Preloading 0 native plugins for Editor in 0.00 ms.
Invoked RoslynAnalysisRunner static constructor.
RoslynAnalysisRunner will not be running.
RoslynAnalysisRunner has terminated.
Mono: successfully reloaded assembly
- Completed reload, in  1.917 seconds
Platform modules already initialized, skipping
Refreshing native plugins compatible for Editor in 0.64 ms, found 1 plugins.
Preloading 0 native plugins for Editor in 0.00 ms.
Unloading 2202 Unused Serialized files (Serialized files now loaded: 0)
System memory in use before: 134.8 MB.
System memory in use after: 134.9 MB.

Unloading 33 unused Assets to reduce memory usage. Loaded Objects now: 2807.
Total: 22.372300 ms (FindLiveObjects: 0.358600 ms CreateObjectMapping: 0.172000 ms MarkObjects: 21.728400 ms  DeleteObjects: 0.111800 ms)

========================================================================
Received Prepare
Registering precompiled user dll's ...
Registered in 0.012770 seconds.
Begin MonoManager ReloadAssembly
Native extension for WindowsStandalone target not found
Refreshing native plugins compatible for Editor in 0.82 ms, found 1 plugins.
Preloading 0 native plugins for Editor in 0.00 ms.
Invoked RoslynAnalysisRunner static constructor.
RoslynAnalysisRunner will not be running.
RoslynAnalysisRunner has terminated.
Mono: successfully reloaded assembly
- Completed reload, in  2.776 seconds
Platform modules already initialized, skipping
Refreshing native plugins compatible for Editor in 0.61 ms, found 1 plugins.
Preloading 0 native plugins for Editor in 0.00 ms.
Unloading 2202 Unused Serialized files (Serialized files now loaded: 0)
System memory in use before: 135.0 MB.
System memory in use after: 135.1 MB.

Unloading 33 unused Assets to reduce memory usage. Loaded Objects now: 2810.
Total: 25.281800 ms (FindLiveObjects: 0.474300 ms CreateObjectMapping: 0.203300 ms MarkObjects: 24.487100 ms  DeleteObjects: 0.114900 ms)

========================================================================
Received Prepare
Registering precompiled user dll's ...
Registered in 0.010838 seconds.
Begin MonoManager ReloadAssembly
Native extension for WindowsStandalone target not found
Refreshing native plugins compatible for Editor in 1.02 ms, found 1 plugins.
Preloading 0 native plugins for Editor in 0.00 ms.
Invoked RoslynAnalysisRunner static constructor.
RoslynAnalysisRunner will not be running.
RoslynAnalysisRunner has terminated.
Mono: successfully reloaded assembly
- Completed reload, in  1.984 seconds
Platform modules already initialized, skipping
Refreshing native plugins compatible for Editor in 0.74 ms, found 1 plugins.
Preloading 0 native plugins for Editor in 0.00 ms.
Unloading 2202 Unused Serialized files (Serialized files now loaded: 0)
System memory in use before: 135.2 MB.
System memory in use after: 135.4 MB.

Unloading 33 unused Assets to reduce memory usage. Loaded Objects now: 2813.
Total: 22.890400 ms (FindLiveObjects: 0.435900 ms CreateObjectMapping: 0.124400 ms MarkObjects: 22.210500 ms  DeleteObjects: 0.117000 ms)

========================================================================
Received Prepare
Registering precompiled user dll's ...
Registered in 0.009533 seconds.
Begin MonoManager ReloadAssembly
Native extension for WindowsStandalone target not found
Refreshing native plugins compatible for Editor in 1.05 ms, found 1 plugins.
Preloading 0 native plugins for Editor in 0.00 ms.
Invoked RoslynAnalysisRunner static constructor.
RoslynAnalysisRunner will not be running.
RoslynAnalysisRunner has terminated.
Mono: successfully reloaded assembly
- Completed reload, in  2.334 seconds
Platform modules already initialized, skipping
Refreshing native plugins compatible for Editor in 0.63 ms, found 1 plugins.
Preloading 0 native plugins for Editor in 0.00 ms.
Unloading 2202 Unused Serialized files (Serialized files now loaded: 0)
System memory in use before: 134.7 MB.
System memory in use after: 134.8 MB.

Unloading 33 unused Assets to reduce memory usage. Loaded Objects now: 2816.
Total: 23.050800 ms (FindLiveObjects: 0.477400 ms CreateObjectMapping: 0.142400 ms MarkObjects: 22.251600 ms  DeleteObjects: 0.176700 ms)

========================================================================
Received Prepare
Refreshing native plugins compatible for Editor in 7.38 ms, found 1 plugins.
Preloading 0 native plugins for Editor in 0.00 ms.
Unloading 30 Unused Serialized files (Serialized files now loaded: 0)
System memory in use before: 73.7 MB.
System memory in use after: 73.9 MB.

Unloading 30 unused Assets to reduce memory usage. Loaded Objects now: 2816.
Total: 23.837900 ms (FindLiveObjects: 0.351400 ms CreateObjectMapping: 0.127200 ms MarkObjects: 23.248800 ms  DeleteObjects: 0.108600 ms)

========================================================================
Received Prepare
Registering precompiled user dll's ...
Registered in 0.015818 seconds.
Begin MonoManager ReloadAssembly
Native extension for WindowsStandalone target not found
Refreshing native plugins compatible for Editor in 0.64 ms, found 1 plugins.
Preloading 0 native plugins for Editor in 0.00 ms.
Invoked RoslynAnalysisRunner static constructor.
RoslynAnalysisRunner will not be running.
RoslynAnalysisRunner has terminated.
Mono: successfully reloaded assembly
- Completed reload, in  2.508 seconds
Platform modules already initialized, skipping
Refreshing native plugins compatible for Editor in 1.01 ms, found 1 plugins.
Preloading 0 native plugins for Editor in 0.00 ms.
Unloading 2202 Unused Serialized files (Serialized files now loaded: 0)
System memory in use before: 135.2 MB.
System memory in use after: 135.3 MB.

Unloading 33 unused Assets to reduce memory usage. Loaded Objects now: 2819.
Total: 33.268200 ms (FindLiveObjects: 0.358000 ms CreateObjectMapping: 0.130200 ms MarkObjects: 32.583200 ms  DeleteObjects: 0.194300 ms)

========================================================================
Received Import Request.
  Time since last request: 771.987943 seconds.
  path: Assets/Scenes/InGame.unity
  artifactKey: Guid(2cda990e2423bbf4892e6590ba056729) Importer(815301076,1909f56bfc062723c751e8b465ee728b)
Start importing Assets/Scenes/InGame.unity using Guid(2cda990e2423bbf4892e6590ba056729) Importer(815301076,1909f56bfc062723c751e8b465ee728b)  -> (artifact id: '2bb3633f9a0548a54d61184acdacb1ff') in 0.043839 seconds
  Import took 0.056334 seconds .

AssetImportWorkerClient::OnTransportError - code=2 error=End of file
